<?xml version="1.0" encoding="UTF-8"?>
<!-- Generated by org.testng.reporters.JUnitReportReporter -->
<testsuite skipped="0" hostname="Madhavan-B" name="dataprovider" tests="2" failures="0" timestamp="03 Apr 2019 15:29:26 GMT" time="17.603" errors="0">
  <testcase name="value" time="8.137" classname="dataprovider"/>
  <testcase name="value" time="9.466" classname="dataprovider"/>
</testsuite> <!-- dataprovider -->
