<?xml version="1.0" encoding="UTF-8"?>
<!-- Generated by org.testng.reporters.JUnitReportReporter -->
<testsuite skipped="0" hostname="Madhavan-B" name="TestNG2" tests="1" failures="0" timestamp="03 Apr 2019 17:21:29 GMT" time="0.002" errors="0">
  <testcase name="Test3" time="0.002" classname="TestNG2"/>
</testsuite> <!-- TestNG2 -->
