<?xml version="1.0" encoding="UTF-8"?>
<!-- Generated by org.testng.reporters.JUnitReportReporter -->
<testsuite skipped="0" hostname="Madhavan-B" name="DataPro" tests="2" failures="0" timestamp="20 Jan 2019 14:32:21 GMT" time="22.342" errors="0">
  <testcase name="data" time="13.334" classname="DataPro"/>
  <testcase name="data" time="9.008" classname="DataPro"/>
</testsuite> <!-- DataPro -->
