<?xml version="1.0" encoding="UTF-8"?>
<!-- Generated by org.testng.reporters.JUnitReportReporter -->
<testsuite skipped="0" hostname="Madhavan-B" name="Testcase.First_test" tests="1" failures="0" timestamp="19 Apr 2019 12:25:07 GMT" time="12.629" errors="0">
  <testcase name="test" time="12.629" classname="Testcase.First_test"/>
</testsuite> <!-- Testcase.First_test -->
